Determining if the pthread_create exist failed with the following output:
Change Dir: /home/andrewandjasmine/movo_ws/build/CMakeFiles/CMakeTmp

Run Build Command:/usr/bin/make "cmTryCompileExec1141032661/fast"
/usr/bin/make -f CMakeFiles/cmTryCompileExec1141032661.dir/build.make CMakeFiles/cmTryCompileExec1141032661.dir/build
make[1]: Entering directory `/home/andrewandjasmine/movo_ws/build/CMakeFiles/CMakeTmp'
/usr/bin/cmake -E cmake_progress_report /home/andrewandjasmine/movo_ws/build/CMakeFiles/CMakeTmp/CMakeFiles 1
Building C object CMakeFiles/cmTryCompileExec1141032661.dir/CheckSymbolExists.c.o
/usr/bin/cc    -o CMakeFiles/cmTryCompileExec1141032661.dir/CheckSymbolExists.c.o   -c /home/andrewandjasmine/movo_ws/build/CMakeFiles/CMakeTmp/CheckSymbolExists.c
Linking C executable cmTryCompileExec1141032661
/usr/bin/cmake -E cmake_link_script CMakeFiles/cmTryCompileExec1141032661.dir/link.txt --verbose=1
/usr/bin/cc       CMakeFiles/cmTryCompileExec1141032661.dir/CheckSymbolExists.c.o  -o cmTryCompileExec1141032661 -rdynamic 
CMakeFiles/cmTryCompileExec1141032661.dir/CheckSymbolExists.c.o: In function `main':
CheckSymbolExists.c:(.text+0x16): undefined reference to `pthread_create'
collect2: error: ld returned 1 exit status
make[1]: *** [cmTryCompileExec1141032661] Error 1
make[1]: Leaving directory `/home/andrewandjasmine/movo_ws/build/CMakeFiles/CMakeTmp'
make: *** [cmTryCompileExec1141032661/fast] Error 2

File /home/andrewandjasmine/movo_ws/build/CMakeFiles/CMakeTmp/CheckSymbolExists.c:
/* */
#include <pthread.h>

int main(int argc, char** argv)
{
  (void)argv;
#ifndef pthread_create
  return ((int*)(&pthread_create))[argc];
#else
  (void)argc;
  return 0;
#endif
}

Determining if the function pthread_create exists in the pthreads failed with the following output:
Change Dir: /home/andrewandjasmine/movo_ws/build/CMakeFiles/CMakeTmp

Run Build Command:/usr/bin/make "cmTryCompileExec882681549/fast"
/usr/bin/make -f CMakeFiles/cmTryCompileExec882681549.dir/build.make CMakeFiles/cmTryCompileExec882681549.dir/build
make[1]: Entering directory `/home/andrewandjasmine/movo_ws/build/CMakeFiles/CMakeTmp'
/usr/bin/cmake -E cmake_progress_report /home/andrewandjasmine/movo_ws/build/CMakeFiles/CMakeTmp/CMakeFiles 1
Building C object CMakeFiles/cmTryCompileExec882681549.dir/CheckFunctionExists.c.o
/usr/bin/cc   -DCHECK_FUNCTION_EXISTS=pthread_create   -o CMakeFiles/cmTryCompileExec882681549.dir/CheckFunctionExists.c.o   -c /usr/share/cmake-2.8/Modules/CheckFunctionExists.c
Linking C executable cmTryCompileExec882681549
/usr/bin/cmake -E cmake_link_script CMakeFiles/cmTryCompileExec882681549.dir/link.txt --verbose=1
/usr/bin/cc   -DCHECK_FUNCTION_EXISTS=pthread_create    CMakeFiles/cmTryCompileExec882681549.dir/CheckFunctionExists.c.o  -o cmTryCompileExec882681549 -rdynamic -lpthreads 
/usr/bin/ld: cannot find -lpthreads
collect2: error: ld returned 1 exit status
make[1]: Leaving directory `/home/andrewandjasmine/movo_ws/build/CMakeFiles/CMakeTmp'
make[1]: *** [cmTryCompileExec882681549] Error 1
make: *** [cmTryCompileExec882681549/fast] Error 2


Determining if the CL_VERSION_2_0 exist failed with the following output:
Change Dir: /home/andrewandjasmine/movo_ws/build/CMakeFiles/CMakeTmp

Run Build Command:/usr/bin/make "cmTryCompileExec3458306698/fast"
/usr/bin/make -f CMakeFiles/cmTryCompileExec3458306698.dir/build.make CMakeFiles/cmTryCompileExec3458306698.dir/build
make[1]: Entering directory `/home/andrewandjasmine/movo_ws/build/CMakeFiles/CMakeTmp'
/usr/bin/cmake -E cmake_progress_report /home/andrewandjasmine/movo_ws/build/CMakeFiles/CMakeTmp/CMakeFiles 1
Building C object CMakeFiles/cmTryCompileExec3458306698.dir/CheckSymbolExists.c.o
/usr/bin/cc    -o CMakeFiles/cmTryCompileExec3458306698.dir/CheckSymbolExists.c.o   -c /home/andrewandjasmine/movo_ws/build/CMakeFiles/CMakeTmp/CheckSymbolExists.c
/home/andrewandjasmine/movo_ws/build/CMakeFiles/CMakeTmp/CheckSymbolExists.c: In function ‘main’:
/home/andrewandjasmine/movo_ws/build/CMakeFiles/CMakeTmp/CheckSymbolExists.c:8:19: error: ‘CL_VERSION_2_0’ undeclared (first use in this function)
   return ((int*)(&CL_VERSION_2_0))[argc];
                   ^
/home/andrewandjasmine/movo_ws/build/CMakeFiles/CMakeTmp/CheckSymbolExists.c:8:19: note: each undeclared identifier is reported only once for each function it appears in
make[1]: Leaving directory `/home/andrewandjasmine/movo_ws/build/CMakeFiles/CMakeTmp'
make[1]: *** [CMakeFiles/cmTryCompileExec3458306698.dir/CheckSymbolExists.c.o] Error 1
make: *** [cmTryCompileExec3458306698/fast] Error 2

File /home/andrewandjasmine/movo_ws/build/CMakeFiles/CMakeTmp/CheckSymbolExists.c:
/* */
#include </usr/include/CL/cl.h>

int main(int argc, char** argv)
{
  (void)argv;
#ifndef CL_VERSION_2_0
  return ((int*)(&CL_VERSION_2_0))[argc];
#else
  (void)argc;
  return 0;
#endif
}

